2025-07-17 16:21:07 root         INFO     Starting GetRecords Consumer
2025-07-17 16:21:35 root         INFO     Starting GetRecords Consumer
2025-07-17 16:21:35 botocore.credentials INFO     Found credentials in shared credentials file: /home/coder/.aws/credentials
2025-07-17 16:24:11 root         INFO     Read Order {'event_time': '2024-06-01 00:03:00', 'device_type': 'desktop', 'orders_count': 8} from Shard shardId-000000000000 at position 49665264403563832272766863614389411161149606301519577090
2025-07-17 16:24:11 root         INFO     Read Order {'event_time': '2024-06-01 00:03:00', 'device_type': 'mobile', 'orders_count': 7} from Shard shardId-000000000000 at position 49665264403563832272766863614391829012788835559868989442
2025-07-17 16:24:11 root         INFO     Read Order {'event_time': '2024-06-01 00:03:00', 'device_type': 'tablet', 'orders_count': 4} from Shard shardId-000000000000 at position 49665264403563832272766863614393037938608450189043695618
2025-07-17 16:24:11 root         INFO     Read Order {'event_time': '2024-06-01 00:06:00', 'device_type': 'tablet', 'orders_count': 10.0} from Shard shardId-000000000000 at position 49665264403563832272766863614394246864428064818218401794
2025-07-17 16:24:11 root         INFO     Read Order {'event_time': '2024-06-01 00:06:00', 'device_type': 'desktop', 'orders_count': 19} from Shard shardId-000000000000 at position 49665264403563832272766863614395455790247679447393107970
2025-07-17 16:24:11 root         INFO     Read Order {'event_time': '2024-06-01 00:06:00', 'device_type': 'mobile', 'orders_count': 12} from Shard shardId-000000000000 at position 49665264403563832272766863614396664716067294076567814146
2025-07-17 16:24:11 root         INFO     Read Order {'event_time': '2024-06-01 00:09:00', 'device_type': 'mobile', 'orders_count': 9} from Shard shardId-000000000000 at position 49665264403563832272766863614397873641886908705742520322
2025-07-17 16:24:11 root         INFO     Read Order {'event_time': '2024-06-01 00:09:00', 'device_type': 'tablet', 'orders_count': 9} from Shard shardId-000000000000 at position 49665264403563832272766863614399082567706523334917226498
2025-07-17 16:24:11 root         INFO     Read Order {'event_time': '2024-06-01 00:09:00', 'device_type': 'desktop', 'orders_count': 18} from Shard shardId-000000000000 at position 49665264403563832272766863614400291493526137964091932674
2025-07-17 16:24:11 root         INFO     Read Order {'event_time': '2024-06-01 00:12:00', 'device_type': 'desktop', 'orders_count': 12} from Shard shardId-000000000000 at position 49665264403563832272766863614401500419345752593266638850
2025-07-17 16:24:11 root         INFO     Read Order {'event_time': '2024-06-01 00:12:00', 'device_type': 'mobile', 'orders_count': 14} from Shard shardId-000000000000 at position 49665264403563832272766863614402709345165367222441345026
2025-07-17 16:24:11 root         INFO     Read Order {'event_time': '2024-06-01 00:12:00', 'device_type': 'tablet', 'orders_count': 8} from Shard shardId-000000000000 at position 49665264403563832272766863614403918270984981851616051202
2025-07-17 16:24:11 root         INFO     Read Order {'event_time': '2024-06-01 00:15:00', 'device_type': 'tablet', 'orders_count': 9} from Shard shardId-000000000000 at position 49665264403563832272766863614405127196804596480790757378
2025-07-17 16:24:11 root         INFO     Read Order {'event_time': '2024-06-01 00:15:00', 'device_type': 'desktop', 'orders_count': 14} from Shard shardId-000000000000 at position 49665264403563832272766863614406336122624211109965463554
2025-07-17 16:24:11 root         INFO     Read Order {'event_time': '2024-06-01 00:15:00', 'device_type': 'mobile', 'orders_count': 17} from Shard shardId-000000000000 at position 49665264403563832272766863614407545048443825739140169730
2025-07-17 16:24:11 root         INFO     Read Order {'event_time': '2024-06-01 00:18:00', 'device_type': 'mobile', 'orders_count': 12} from Shard shardId-000000000000 at position 49665264403563832272766863614408753974263440368314875906
2025-07-17 16:24:11 root         INFO     Read Order {'event_time': '2024-06-01 00:18:00', 'device_type': 'tablet', 'orders_count': 12} from Shard shardId-000000000000 at position 49665264403563832272766863614409962900083054997489582082
2025-07-17 16:24:11 root         INFO     Read Order {'event_time': '2024-06-01 00:18:00', 'device_type': 'desktop', 'orders_count': 17} from Shard shardId-000000000000 at position 49665264403563832272766863614411171825902669626664288258
2025-07-17 16:24:11 root         INFO     Read Order {'event_time': '2024-06-01 00:21:00', 'device_type': 'desktop', 'orders_count': 10.0} from Shard shardId-000000000000 at position 49665264403563832272766863614412380751722284255838994434
2025-07-17 16:24:11 root         INFO     Read Order {'event_time': '2024-06-01 00:21:00', 'device_type': 'mobile', 'orders_count': 16} from Shard shardId-000000000000 at position 49665264403563832272766863614413589677541898885013700610
2025-07-17 16:24:11 root         INFO     Read Order {'event_time': '2024-06-01 00:21:00', 'device_type': 'tablet', 'orders_count': 15} from Shard shardId-000000000000 at position 49665264403563832272766863614414798603361513514188406786
2025-07-17 16:24:11 root         INFO     Read Order {'event_time': '2024-06-01 00:24:00', 'device_type': 'tablet', 'orders_count': 12} from Shard shardId-000000000000 at position 49665264403563832272766863614416007529181128143363112962
2025-07-17 16:24:11 root         INFO     Read Order {'event_time': '2024-06-01 00:24:00', 'device_type': 'desktop', 'orders_count': 8} from Shard shardId-000000000000 at position 49665264403563832272766863614417216455000742772537819138
2025-07-17 16:24:11 root         INFO     Read Order {'event_time': '2024-06-01 00:24:00', 'device_type': 'mobile', 'orders_count': 18} from Shard shardId-000000000000 at position 49665264403563832272766863614418425380820357401712525314
2025-07-17 16:24:11 root         INFO     Read Order {'event_time': '2024-06-01 00:27:00', 'device_type': 'mobile', 'orders_count': 14} from Shard shardId-000000000000 at position 49665264403563832272766863614419634306639972030887231490
2025-07-17 16:24:11 root         INFO     Read Order {'event_time': '2024-06-01 00:27:00', 'device_type': 'tablet', 'orders_count': 12} from Shard shardId-000000000000 at position 49665264403563832272766863614420843232459586660061937666
2025-07-17 16:24:11 root         INFO     Read Order {'event_time': '2024-06-01 00:27:00', 'device_type': 'desktop', 'orders_count': 15} from Shard shardId-000000000000 at position 49665264403563832272766863614422052158279201289236643842
2025-07-17 16:24:11 root         INFO     Read Order {'event_time': '2024-06-01 00:30:00', 'device_type': 'desktop', 'orders_count': 20.0} from Shard shardId-000000000000 at position 49665264403563832272766863614423261084098815918411350018
2025-07-17 16:24:11 root         INFO     Read Order {'event_time': '2024-06-01 00:30:00', 'device_type': 'mobile', 'orders_count': 11} from Shard shardId-000000000000 at position 49665264403563832272766863614424470009918430547586056194
2025-07-17 16:24:11 root         INFO     Read Order {'event_time': '2024-06-01 00:30:00', 'device_type': 'tablet', 'orders_count': 8} from Shard shardId-000000000000 at position 49665264403563832272766863614425678935738045176760762370
2025-07-17 16:24:11 root         INFO     Read Order {'event_time': '2024-06-01 00:33:00', 'device_type': 'tablet', 'orders_count': 5} from Shard shardId-000000000000 at position 49665264403563832272766863614426887861557659805935468546
2025-07-17 16:24:11 root         INFO     Read Order {'event_time': '2024-06-01 00:33:00', 'device_type': 'desktop', 'orders_count': 18} from Shard shardId-000000000000 at position 49665264403563832272766863614428096787377274435110174722
2025-07-17 16:24:11 root         INFO     Read Order {'event_time': '2024-06-01 00:33:00', 'device_type': 'mobile', 'orders_count': 12} from Shard shardId-000000000000 at position 49665264403563832272766863614429305713196889064284880898
2025-07-17 16:24:11 root         INFO     Read Order {'event_time': '2024-06-01 00:36:00', 'device_type': 'mobile', 'orders_count': 16} from Shard shardId-000000000000 at position 49665264403563832272766863614430514639016503693459587074
2025-07-17 16:24:11 root         INFO     Read Order {'event_time': '2024-06-01 00:36:00', 'device_type': 'tablet', 'orders_count': 9} from Shard shardId-000000000000 at position 49665264403563832272766863614431723564836118322634293250
2025-07-17 16:24:11 root         INFO     Read Order {'event_time': '2024-06-01 00:36:00', 'device_type': 'desktop', 'orders_count': 12} from Shard shardId-000000000000 at position 49665264403563832272766863614432932490655732951808999426
2025-07-17 16:24:11 root         INFO     Read Order {'event_time': '2024-06-01 00:39:00', 'device_type': 'desktop', 'orders_count': 9} from Shard shardId-000000000000 at position 49665264403563832272766863614434141416475347580983705602
2025-07-17 16:24:11 root         INFO     Read Order {'event_time': '2024-06-01 00:39:00', 'device_type': 'mobile', 'orders_count': 15} from Shard shardId-000000000000 at position 49665264403563832272766863614435350342294962210158411778
2025-07-17 16:24:11 root         INFO     Read Order {'event_time': '2024-06-01 00:39:00', 'device_type': 'tablet', 'orders_count': 11} from Shard shardId-000000000000 at position 49665264403563832272766863614436559268114576839333117954
2025-07-17 16:24:12 root         INFO     Read Order {'event_time': '2024-06-01 00:42:00', 'device_type': 'tablet', 'orders_count': 12} from Shard shardId-000000000000 at position 49665264403563832272766863614437768193934191468507824130
2025-07-17 16:24:12 root         INFO     Read Order {'event_time': '2024-06-01 00:42:00', 'device_type': 'desktop', 'orders_count': 11} from Shard shardId-000000000000 at position 49665264403563832272766863614438977119753806097682530306
2025-07-17 16:24:12 root         INFO     Read Order {'event_time': '2024-06-01 00:42:00', 'device_type': 'mobile', 'orders_count': 7} from Shard shardId-000000000000 at position 49665264403563832272766863614440186045573420726857236482
2025-07-17 16:24:12 root         INFO     Read Order {'event_time': '2024-06-01 00:45:00', 'device_type': 'mobile', 'orders_count': 9} from Shard shardId-000000000000 at position 49665264403563832272766863614441394971393035356031942658
2025-07-17 16:24:12 root         INFO     Read Order {'event_time': '2024-06-01 00:45:00', 'device_type': 'tablet', 'orders_count': 9} from Shard shardId-000000000000 at position 49665264403563832272766863614442603897212649985206648834
2025-07-17 16:24:12 root         INFO     Read Order {'event_time': '2024-06-01 00:45:00', 'device_type': 'desktop', 'orders_count': 8} from Shard shardId-000000000000 at position 49665264403563832272766863614443812823032264614381355010
2025-07-17 16:24:12 root         INFO     Read Order {'event_time': '2024-06-01 00:48:00', 'device_type': 'desktop', 'orders_count': 7} from Shard shardId-000000000000 at position 49665264403563832272766863614445021748851879243556061186
2025-07-17 16:24:12 root         INFO     Read Order {'event_time': '2024-06-01 00:48:00', 'device_type': 'mobile', 'orders_count': 17} from Shard shardId-000000000000 at position 49665264403563832272766863614446230674671493872730767362
2025-07-17 16:24:12 root         INFO     Read Order {'event_time': '2024-06-01 00:48:00', 'device_type': 'tablet', 'orders_count': 9} from Shard shardId-000000000000 at position 49665264403563832272766863614447439600491108501905473538
2025-07-17 16:24:12 root         INFO     Read Order {'event_time': '2024-06-01 00:51:00', 'device_type': 'tablet', 'orders_count': 15} from Shard shardId-000000000000 at position 49665264403563832272766863614448648526310723131080179714
2025-07-17 16:24:12 root         INFO     Read Order {'event_time': '2024-06-01 00:51:00', 'device_type': 'desktop', 'orders_count': 11} from Shard shardId-000000000000 at position 49665264403563832272766863614449857452130337760254885890
2025-07-17 16:24:12 root         INFO     Read Order {'event_time': '2024-06-01 00:51:00', 'device_type': 'mobile', 'orders_count': 14} from Shard shardId-000000000000 at position 49665264403563832272766863614451066377949952389429592066
2025-07-17 16:24:12 root         INFO     Read Order {'event_time': '2024-06-01 00:54:00', 'device_type': 'mobile', 'orders_count': 14} from Shard shardId-000000000000 at position 49665264403563832272766863614452275303769567018604298242
2025-07-17 16:24:12 root         INFO     Read Order {'event_time': '2024-06-01 00:54:00', 'device_type': 'tablet', 'orders_count': 15} from Shard shardId-000000000000 at position 49665264403563832272766863614453484229589181647779004418
2025-07-17 16:24:12 root         INFO     Read Order {'event_time': '2024-06-01 00:54:00', 'device_type': 'desktop', 'orders_count': 14} from Shard shardId-000000000000 at position 49665264403563832272766863614454693155408796276953710594
2025-07-17 16:24:12 root         INFO     Read Order {'event_time': '2024-06-01 00:57:00', 'device_type': 'desktop', 'orders_count': 13} from Shard shardId-000000000000 at position 49665264403563832272766863614455902081228410906128416770
2025-07-17 16:24:12 root         INFO     Read Order {'event_time': '2024-06-01 00:57:00', 'device_type': 'mobile', 'orders_count': 15} from Shard shardId-000000000000 at position 49665264403563832272766863614457111007048025535303122946
2025-07-17 16:24:12 root         INFO     Read Order {'event_time': '2024-06-01 00:57:00', 'device_type': 'tablet', 'orders_count': 18} from Shard shardId-000000000000 at position 49665264403563832272766863614458319932867640164477829122
2025-07-17 16:24:12 root         INFO     Read Order {'event_time': '2024-06-01 01:00:00', 'device_type': 'tablet', 'orders_count': 17} from Shard shardId-000000000000 at position 49665264403563832272766863614459528858687254793652535298
2025-07-17 16:24:12 root         INFO     Read Order {'event_time': '2024-06-01 01:00:00', 'device_type': 'desktop', 'orders_count': 9} from Shard shardId-000000000000 at position 49665264403563832272766863614460737784506869422827241474
2025-07-17 16:24:12 root         INFO     Read Order {'event_time': '2024-06-01 01:00:00', 'device_type': 'mobile', 'orders_count': 16} from Shard shardId-000000000000 at position 49665264403563832272766863614461946710326484052001947650
2025-07-17 16:24:12 root         INFO     Read Order {'event_time': '2024-06-01 01:03:00', 'device_type': 'mobile', 'orders_count': 13} from Shard shardId-000000000000 at position 49665264403563832272766863614463155636146098681176653826
2025-07-17 16:24:12 root         INFO     Read Order {'event_time': '2024-06-01 01:03:00', 'device_type': 'tablet', 'orders_count': 11} from Shard shardId-000000000000 at position 49665264403563832272766863614464364561965713310351360002
2025-07-17 16:24:12 root         INFO     Read Order {'event_time': '2024-06-01 01:03:00', 'device_type': 'desktop', 'orders_count': 10.0} from Shard shardId-000000000000 at position 49665264403563832272766863614465573487785327939526066178
2025-07-17 16:24:12 root         INFO     Read Order {'event_time': '2024-06-01 01:06:00', 'device_type': 'desktop', 'orders_count': 12} from Shard shardId-000000000000 at position 49665264403563832272766863614466782413604942568700772354
2025-07-17 16:24:12 root         INFO     Read Order {'event_time': '2024-06-01 01:06:00', 'device_type': 'mobile', 'orders_count': 10.0} from Shard shardId-000000000000 at position 49665264403563832272766863614467991339424557197875478530
2025-07-17 16:24:12 root         INFO     Read Order {'event_time': '2024-06-01 01:06:00', 'device_type': 'tablet', 'orders_count': 8} from Shard shardId-000000000000 at position 49665264403563832272766863614469200265244171827050184706
2025-07-17 16:24:12 root         INFO     Read Order {'event_time': '2024-06-01 01:09:00', 'device_type': 'tablet', 'orders_count': 8} from Shard shardId-000000000000 at position 49665264403563832272766863614470409191063786456224890882
2025-07-17 16:24:12 root         INFO     Read Order {'event_time': '2024-06-01 01:09:00', 'device_type': 'desktop', 'orders_count': 14} from Shard shardId-000000000000 at position 49665264403563832272766863614472827042703015714574303234
2025-07-17 16:24:12 root         INFO     Read Order {'event_time': '2024-06-01 01:09:00', 'device_type': 'mobile', 'orders_count': 10.0} from Shard shardId-000000000000 at position 49665264403563832272766863614474035968522630343749009410
2025-07-17 16:24:12 root         INFO     Read Order {'event_time': '2024-06-01 01:12:00', 'device_type': 'mobile', 'orders_count': 10.0} from Shard shardId-000000000000 at position 49665264403563832272766863614475244894342244972923715586
2025-07-17 16:24:12 root         INFO     Read Order {'event_time': '2024-06-01 01:12:00', 'device_type': 'tablet', 'orders_count': 13} from Shard shardId-000000000000 at position 49665264403563832272766863614476453820161859602098421762
2025-07-17 16:24:12 root         INFO     Read Order {'event_time': '2024-06-01 01:12:00', 'device_type': 'desktop', 'orders_count': 14} from Shard shardId-000000000000 at position 49665264403563832272766863614477662745981474231273127938
2025-07-17 16:24:17 root         INFO     Read Order {'event_time': '2024-06-01 01:15:00', 'device_type': 'desktop', 'orders_count': 11} from Shard shardId-000000000000 at position 49665264403563832272766863625587691028239916759139745794
2025-07-17 16:24:17 root         INFO     Read Order {'event_time': '2024-06-01 01:15:00', 'device_type': 'mobile', 'orders_count': 13} from Shard shardId-000000000000 at position 49665264403563832272766863625588899954059531388314451970
2025-07-17 16:24:17 root         INFO     Read Order {'event_time': '2024-06-01 01:15:00', 'device_type': 'tablet', 'orders_count': 13} from Shard shardId-000000000000 at position 49665264403563832272766863625590108879879146017489158146
2025-07-17 16:24:17 root         INFO     Read Order {'event_time': '2024-06-01 01:18:00', 'device_type': 'tablet', 'orders_count': 12} from Shard shardId-000000000000 at position 49665264403563832272766863625591317805698760646663864322
2025-07-17 16:24:17 root         INFO     Read Order {'event_time': '2024-06-01 01:18:00', 'device_type': 'desktop', 'orders_count': 8} from Shard shardId-000000000000 at position 49665264403563832272766863625592526731518375275838570498
2025-07-17 16:24:17 root         INFO     Read Order {'event_time': '2024-06-01 01:18:00', 'device_type': 'mobile', 'orders_count': 10.0} from Shard shardId-000000000000 at position 49665264403563832272766863625593735657337989905013276674
2025-07-17 16:24:17 root         INFO     Read Order {'event_time': '2024-06-01 01:21:00', 'device_type': 'mobile', 'orders_count': 6} from Shard shardId-000000000000 at position 49665264403563832272766863625594944583157604534187982850
2025-07-17 16:24:17 root         INFO     Read Order {'event_time': '2024-06-01 01:21:00', 'device_type': 'tablet', 'orders_count': 10.0} from Shard shardId-000000000000 at position 49665264403563832272766863625596153508977219163362689026
2025-07-17 16:24:17 root         INFO     Read Order {'event_time': '2024-06-01 01:21:00', 'device_type': 'desktop', 'orders_count': 10.0} from Shard shardId-000000000000 at position 49665264403563832272766863625603407063894906938410926082
2025-07-17 16:24:17 root         INFO     Read Order {'event_time': '2024-06-01 01:24:00', 'device_type': 'desktop', 'orders_count': 11} from Shard shardId-000000000000 at position 49665264403563832272766863625604615989714521567585632258
2025-07-17 16:24:17 root         INFO     Read Order {'event_time': '2024-06-01 01:24:00', 'device_type': 'mobile', 'orders_count': 8} from Shard shardId-000000000000 at position 49665264403563832272766863625605824915534136196760338434
2025-07-17 16:24:17 root         INFO     Read Order {'event_time': '2024-06-01 01:24:00', 'device_type': 'tablet', 'orders_count': 7} from Shard shardId-000000000000 at position 49665264403563832272766863625607033841353750825935044610
2025-07-17 16:24:17 root         INFO     Read Order {'event_time': '2024-06-01 01:27:00', 'device_type': 'tablet', 'orders_count': 5} from Shard shardId-000000000000 at position 49665264403563832272766863625608242767173365455109750786
2025-07-17 16:24:17 root         INFO     Read Order {'event_time': '2024-06-01 01:27:00', 'device_type': 'desktop', 'orders_count': 9} from Shard shardId-000000000000 at position 49665264403563832272766863625609451692992980084284456962
2025-07-17 16:24:17 root         INFO     Read Order {'event_time': '2024-06-01 01:27:00', 'device_type': 'mobile', 'orders_count': 11} from Shard shardId-000000000000 at position 49665264403563832272766863625610660618812594713459163138
2025-07-17 16:24:17 root         INFO     Read Order {'event_time': '2024-06-01 01:30:00', 'device_type': 'mobile', 'orders_count': 11} from Shard shardId-000000000000 at position 49665264403563832272766863625611869544632209342633869314
2025-07-17 16:24:17 root         INFO     Read Order {'event_time': '2024-06-01 01:30:00', 'device_type': 'tablet', 'orders_count': 7} from Shard shardId-000000000000 at position 49665264403563832272766863625613078470451823971808575490
2025-07-17 16:24:17 root         INFO     Read Order {'event_time': '2024-06-01 01:30:00', 'device_type': 'desktop', 'orders_count': 10.0} from Shard shardId-000000000000 at position 49665264403563832272766863625614287396271438600983281666
2025-07-17 16:24:17 root         INFO     Read Order {'event_time': '2024-06-01 01:33:00', 'device_type': 'desktop', 'orders_count': 9} from Shard shardId-000000000000 at position 49665264403563832272766863625615496322091053230157987842
2025-07-17 16:24:17 root         INFO     Read Order {'event_time': '2024-06-01 01:33:00', 'device_type': 'mobile', 'orders_count': 7} from Shard shardId-000000000000 at position 49665264403563832272766863625616705247910667859332694018
2025-07-17 16:24:17 root         INFO     Read Order {'event_time': '2024-06-01 01:33:00', 'device_type': 'tablet', 'orders_count': 5} from Shard shardId-000000000000 at position 49665264403563832272766863625617914173730282488507400194
2025-07-17 16:24:17 root         INFO     Read Order {'event_time': '2024-06-01 01:36:00', 'device_type': 'tablet', 'orders_count': 6} from Shard shardId-000000000000 at position 49665264403563832272766863625619123099549897117682106370
2025-07-17 16:24:17 root         INFO     Read Order {'event_time': '2024-06-01 01:36:00', 'device_type': 'desktop', 'orders_count': 7} from Shard shardId-000000000000 at position 49665264403563832272766863625620332025369511746856812546
2025-07-17 16:24:17 root         INFO     Read Order {'event_time': '2024-06-01 01:36:00', 'device_type': 'mobile', 'orders_count': 9} from Shard shardId-000000000000 at position 49665264403563832272766863625621540951189126376031518722
2025-07-17 16:24:17 root         INFO     Read Order {'event_time': '2024-06-01 01:39:00', 'device_type': 'mobile', 'orders_count': 15} from Shard shardId-000000000000 at position 49665264403563832272766863625622749877008741005206224898
2025-07-17 16:24:17 root         INFO     Read Order {'event_time': '2024-06-01 01:39:00', 'device_type': 'tablet', 'orders_count': 13} from Shard shardId-000000000000 at position 49665264403563832272766863625623958802828355634380931074
2025-07-17 16:24:17 root         INFO     Read Order {'event_time': '2024-06-01 01:39:00', 'device_type': 'desktop', 'orders_count': 11} from Shard shardId-000000000000 at position 49665264403563832272766863625625167728647970263555637250
2025-07-17 16:27:18 root         INFO     Read Order {'event_time': '2024-06-01 01:42:00', 'device_type': 'desktop', 'orders_count': 13} from Shard shardId-000000000000 at position 49665264403563832272766864018827081632486507145789964290
2025-07-17 16:27:18 root         INFO     Read Order {'event_time': '2024-06-01 01:42:00', 'device_type': 'mobile', 'orders_count': 14} from Shard shardId-000000000000 at position 49665264403563832272766864018828290558306121774964670466
2025-07-17 16:27:18 root         INFO     Read Order {'event_time': '2024-06-01 01:42:00', 'device_type': 'tablet', 'orders_count': 13} from Shard shardId-000000000000 at position 49665264403563832272766864018829499484125736404139376642
2025-07-17 16:30:18 root         INFO     Read Order {'event_time': '2024-06-01 01:45:00', 'device_type': 'tablet', 'orders_count': 15} from Shard shardId-000000000000 at position 49665264403563832272766864421324426163341927683620601858
2025-07-17 16:30:18 root         INFO     Read Order {'event_time': '2024-06-01 01:45:00', 'device_type': 'desktop', 'orders_count': 14} from Shard shardId-000000000000 at position 49665264403563832272766864421328052940800771571144720386
2025-07-17 16:30:18 root         INFO     Read Order {'event_time': '2024-06-01 01:45:00', 'device_type': 'mobile', 'orders_count': 16} from Shard shardId-000000000000 at position 49665264403563832272766864421329261866620386200319426562
